[    0.000000] Initializing cgroup subsys cpuset
[    0.000000] Initializing cgroup subsys cpu
[    0.000000] Initializing cgroup subsys cpuacct
[    0.000000] Linux version 4.4.0-161-generic (buildd@lcy01-amd64-018) (gcc version 5.4.0 20160609 (Ubuntu 5.4.0-6ubuntu1~16.04.10) ) #189-Ubuntu SMP Tue Aug 27 08:10:16 UTC 2019 (Ubuntu 4.4.0-161.189-generic 4.4.186)
[    0.000000] Command line: BOOT_IMAGE=/boot/vmlinuz-4.4.0-161-generic root=LABEL=cloudimg-rootfs ro console=tty1 console=ttyS0
[    0.000000] KERNEL supported cpus:
[    0.000000]   Intel GenuineIntel
[    0.000000]   AMD AuthenticAMD
[    0.000000]   Centaur CentaurHauls
[    0.000000] [Firmware Bug]: TSC doesn't count with P0 frequency!
[    0.000000] x86/fpu: xstate_offset[2]:  576, xstate_sizes[2]:  256
[    0.000000] x86/fpu: Supporting XSAVE feature 0x01: 'x87 floating point registers'
[    0.000000] x86/fpu: Supporting XSAVE feature 0x02: 'SSE registers'
[    0.000000] x86/fpu: Supporting XSAVE feature 0x04: 'AVX registers'
[    0.000000] x86/fpu: Enabled xstate features 0x7, context size is 832 bytes, using 'standard' format.
[    0.000000] e820: BIOS-provided physical RAM map:
[    0.000000] BIOS-e820: [mem 0x0000000000000000-0x000000000009fbff] usable
[    0.000000] BIOS-e820: [mem 0x000000000009fc00-0x000000000009ffff] reserved
[    0.000000] BIOS-e820: [mem 0x00000000000f0000-0x00000000000fffff] reserved
[    0.000000] BIOS-e820: [mem 0x0000000000100000-0x00000000dffeffff] usable
[    0.000000] BIOS-e820: [mem 0x00000000dfff0000-0x00000000dfffffff] ACPI data
[    0.000000] BIOS-e820: [mem 0x00000000fec00000-0x00000000fec00fff] reserved
[    0.000000] BIOS-e820: [mem 0x00000000fee00000-0x00000000fee00fff] reserved
[    0.000000] BIOS-e820: [mem 0x00000000fffc0000-0x00000000ffffffff] reserved
[    0.000000] BIOS-e820: [mem 0x0000000100000000-0x000000021fffffff] usable
[    0.000000] NX (Execute Disable) protection: active
[    0.000000] SMBIOS 2.5 present.
[    0.000000] Hypervisor detected: KVM
[    0.000000] Kernel/User page tables isolation: disabled
[    0.000000] e820: last_pfn = 0x220000 max_arch_pfn = 0x400000000
[    0.000000] MTRR: Disabled
[    0.000000] x86/PAT: MTRRs disabled, skipping PAT initialization too.
[    0.000000] CPU MTRRs all blank - virtualized system.
[    0.000000] x86/PAT: Configuration [0-7]: WB  WT  UC- UC  WB  WT  UC- UC  
[    0.000000] e820: last_pfn = 0xdfff0 max_arch_pfn = 0x400000000
[    0.000000] found SMP MP-table at [mem 0x0009fff0-0x0009ffff] mapped at [ffff88000009fff0]
[    0.000000] Scanning 1 areas for low memory corruption
[    0.000000] RAMDISK: [mem 0x362fa000-0x37174fff]
[    0.000000] ACPI: Early table checksum verification disabled
[    0.000000] ACPI: RSDP 0x00000000000E0000 000024 (v02 VBOX  )
[    0.000000] ACPI: XSDT 0x00000000DFFF0030 00003C (v01 VBOX   VBOXXSDT 00000001 ASL  00000061)
[    0.000000] ACPI: FACP 0x00000000DFFF00F0 0000F4 (v04 VBOX   VBOXFACP 00000001 ASL  00000061)
[    0.000000] ACPI: DSDT 0x00000000DFFF0470 0022EA (v02 VBOX   VBOXBIOS 00000002 INTL 20100528)
[    0.000000] ACPI: FACS 0x00000000DFFF0200 000040
[    0.000000] ACPI: FACS 0x00000000DFFF0200 000040
[    0.000000] ACPI: APIC 0x00000000DFFF0240 00005C (v02 VBOX   VBOXAPIC 00000001 ASL  00000061)
[    0.000000] ACPI: SSDT 0x00000000DFFF02A0 0001CC (v01 VBOX   VBOXCPUT 00000002 INTL 20100528)
[    0.000000] No NUMA configuration found
[    0.000000] Faking a node at [mem 0x0000000000000000-0x000000021fffffff]
[    0.000000] NODE_DATA(0) allocated [mem 0x21fff5000-0x21fff9fff]
[    0.000000] kvm-clock: Using msrs 4b564d01 and 4b564d00
[    0.000000] kvm-clock: cpu 0, msr 2:1ffed001, primary cpu clock
[    0.000000] kvm-clock: using sched offset of 3377758906 cycles
[    0.000000] clocksource: kvm-clock: mask: 0xffffffffffffffff max_cycles: 0x1cd42e4dffb, max_idle_ns: 881590591483 ns
[    0.000000] Zone ranges:
[    0.000000]   DMA      [mem 0x0000000000001000-0x0000000000ffffff]
[    0.000000]   DMA32    [mem 0x0000000001000000-0x00000000ffffffff]
[    0.000000]   Normal   [mem 0x0000000100000000-0x000000021fffffff]
[    0.000000]   Device   empty
[    0.000000] Movable zone start for each node
[    0.000000] Early memory node ranges
[    0.000000]   node   0: [mem 0x0000000000001000-0x000000000009efff]
[    0.000000]   node   0: [mem 0x0000000000100000-0x00000000dffeffff]
[    0.000000]   node   0: [mem 0x0000000100000000-0x000000021fffffff]
[    0.000000] Initmem setup node 0 [mem 0x0000000000001000-0x000000021fffffff]
[    0.000000] ACPI: PM-Timer IO Port: 0x4008
[    0.000000] IOAPIC[0]: apic_id 2, version 32, address 0xfec00000, GSI 0-23
[    0.000000] ACPI: INT_SRC_OVR (bus 0 bus_irq 0 global_irq 2 dfl dfl)
[    0.000000] ACPI: INT_SRC_OVR (bus 0 bus_irq 9 global_irq 9 low level)
[    0.000000] Using ACPI (MADT) for SMP configuration information
[    0.000000] smpboot: Allowing 2 CPUs, 0 hotplug CPUs
[    0.000000] PM: Registered nosave memory: [mem 0x00000000-0x00000fff]
[    0.000000] PM: Registered nosave memory: [mem 0x0009f000-0x0009ffff]
[    0.000000] PM: Registered nosave memory: [mem 0x000a0000-0x000effff]
[    0.000000] PM: Registered nosave memory: [mem 0x000f0000-0x000fffff]
[    0.000000] PM: Registered nosave memory: [mem 0xdfff0000-0xdfffffff]
[    0.000000] PM: Registered nosave memory: [mem 0xe0000000-0xfebfffff]
[    0.000000] PM: Registered nosave memory: [mem 0xfec00000-0xfec00fff]
[    0.000000] PM: Registered nosave memory: [mem 0xfec01000-0xfedfffff]
[    0.000000] PM: Registered nosave memory: [mem 0xfee00000-0xfee00fff]
[    0.000000] PM: Registered nosave memory: [mem 0xfee01000-0xfffbffff]
[    0.000000] PM: Registered nosave memory: [mem 0xfffc0000-0xffffffff]
[    0.000000] e820: [mem 0xe0000000-0xfebfffff] available for PCI devices
[    0.000000] Booting paravirtualized kernel on KVM
[    0.000000] clocksource: refined-jiffies: mask: 0xffffffff max_cycles: 0xffffffff, max_idle_ns: 7645519600211568 ns
[    0.000000] setup_percpu: NR_CPUS:512 nr_cpumask_bits:512 nr_cpu_ids:2 nr_node_ids:1
[    0.000000] PERCPU: Embedded 34 pages/cpu @ffff88021fc00000 s99544 r8192 d31528 u1048576
[    0.000000] Built 1 zonelists in Node order, mobility grouping on.  Total pages: 2064248
[    0.000000] Policy zone: Normal
[    0.000000] Kernel command line: BOOT_IMAGE=/boot/vmlinuz-4.4.0-161-generic root=LABEL=cloudimg-rootfs ro console=tty1 console=ttyS0
[    0.000000] PID hash table entries: 4096 (order: 3, 32768 bytes)
[    0.000000] Memory: 8157000K/8388152K available (8622K kernel code, 1335K rwdata, 4032K rodata, 1488K init, 1284K bss, 231152K reserved, 0K cma-reserved)
[    0.000000] SLUB: HWalign=64, Order=0-3, MinObjects=0, CPUs=2, Nodes=1
[    0.000000] Hierarchical RCU implementation.
[    0.000000] 	Build-time adjustment of leaf fanout to 64.
[    0.000000] 	RCU restricting CPUs from NR_CPUS=512 to nr_cpu_ids=2.
[    0.000000] RCU: Adjusting geometry for rcu_fanout_leaf=64, nr_cpu_ids=2
[    0.000000] NR_IRQS:33024 nr_irqs:440 16
[    0.000000] Console: colour VGA+ 80x25
[    0.000000] console [tty1] enabled
[    0.000000] console [ttyS0] enabled
[    0.000000] tsc: Detected 3394.114 MHz processor
[    0.296826] Calibrating delay loop (skipped) preset value.. 6788.22 BogoMIPS (lpj=13576456)
[    0.298784] pid_max: default: 32768 minimum: 301
[    0.299873] ACPI: Core revision 20150930
[    0.301589] ACPI: 2 ACPI AML tables successfully acquired and loaded
[    0.303050] Security Framework initialized
[    0.304015] Yama: becoming mindful.
[    0.304874] AppArmor: AppArmor initialized
[    0.307229] Dentry cache hash table entries: 1048576 (order: 11, 8388608 bytes)
[    0.314163] Inode-cache hash table entries: 524288 (order: 10, 4194304 bytes)
[    0.317225] Mount-cache hash table entries: 16384 (order: 5, 131072 bytes)
[    0.318708] Mountpoint-cache hash table entries: 16384 (order: 5, 131072 bytes)
[    0.320567] Initializing cgroup subsys io
[    0.321492] Initializing cgroup subsys memory
[    0.322473] Initializing cgroup subsys devices
[    0.323459] Initializing cgroup subsys freezer
[    0.324433] Initializing cgroup subsys net_cls
[    0.325406] Initializing cgroup subsys perf_event
[    0.326429] Initializing cgroup subsys net_prio
[    0.327426] Initializing cgroup subsys hugetlb
[    0.328403] Initializing cgroup subsys pids
[    0.334671] mce: CPU supports 0 MCE banks
[    0.335618] Last level iTLB entries: 4KB 1024, 2MB 1024, 4MB 512
[    0.336922] Last level dTLB entries: 4KB 1536, 2MB 1536, 4MB 768, 1GB 0
[    0.338402] Spectre V1 : Mitigation: usercopy/swapgs barriers and __user pointer sanitization
[    0.340414] Spectre V2 : Spectre mitigation: LFENCE not serializing, switching to generic retpoline
[    0.342447] Spectre V2 : Mitigation: Full generic retpoline
[    0.343686] Spectre V2 : Spectre v2 / SpectreRSB mitigation: Filling RSB on context switch
[    0.345578] Speculative Store Bypass: Mitigation: Speculative Store Bypass disabled via prctl and seccomp
[    0.349324] Freeing SMP alternatives memory: 36K
[    0.354074] ftrace: allocating 32318 entries in 127 pages
[    0.399746] smpboot: APIC(0) Converting physical 0 to logical package 0
[    0.401289] smpboot: Max logical packages: 1
[    0.402525] x2apic enabled
[    0.403418] Switched APIC routing to physical x2apic.
[    0.405408] ..TIMER: vector=0x30 apic1=0 pin1=2 apic2=-1 pin2=-1
[    0.513707] smpboot: CPU0: AMD Ryzen 5 2600 Six-Core Processor (family: 0x17, model: 0x8, stepping: 0x2)
[    0.515926] Performance Events: Broken PMU hardware detected, using software events only.
[    0.517850] Failed to access perfctr msr (MSR c0010007 is 0)
[    0.523376] KVM setup paravirtual spinlock
[    0.526134] x86: Booting SMP configuration:
[    0.527175] .... node  #0, CPUs:      #1
[    0.528310] kvm-clock: cpu 1, msr 2:1ffed041, secondary cpu clock
[    0.534749] mce: CPU supports 0 MCE banks
[    0.537520] x86: Booted up 1 node, 2 CPUs
[    0.538609] smpboot: Total of 2 processors activated (13576.45 BogoMIPS)
[    0.540351] devtmpfs: initialized
[    0.543058] evm: security.selinux
[    0.543896] evm: security.SMACK64
[    0.544731] evm: security.SMACK64EXEC
[    0.545708] evm: security.SMACK64TRANSMUTE
[    0.546767] evm: security.SMACK64MMAP
[    0.547701] evm: security.ima
[    0.548487] evm: security.capability
[    0.549498] clocksource: jiffies: mask: 0xffffffff max_cycles: 0xffffffff, max_idle_ns: 7645041785100000 ns
[    0.551841] futex hash table entries: 512 (order: 3, 32768 bytes)
[    0.553314] pinctrl core: initialized pinctrl subsystem
[    0.554634] RTC time: 20:21:57, date: 09/14/19
[    0.555889] NET: Registered protocol family 16
[    0.565966] cpuidle: using governor ladder
[    0.577656] cpuidle: using governor menu
[    0.578572] PCCT header not found.
[    0.579664] ACPI: bus type PCI registered
[    0.580658] acpiphp: ACPI Hot Plug PCI Controller Driver version: 0.5
[    0.582245] PCI: Using configuration type 1 for base access
[    0.583530] PCI: Using configuration type 1 for extended access
[    0.598506] ACPI: Added _OSI(Module Device)
[    0.599519] ACPI: Added _OSI(Processor Device)
[    0.600561] ACPI: Added _OSI(3.0 _SCP Extensions)
[    0.601650] ACPI: Added _OSI(Processor Aggregator Device)
[    0.603577] ACPI: Executed 1 blocks of module-level executable AML code
[    0.606790] ACPI: Interpreter enabled
[    0.607747] ACPI: (supports S0 S5)
[    0.608635] ACPI: Using IOAPIC for interrupt routing
[    0.609952] PCI: Using host bridge windows from ACPI; if necessary, use "pci=nocrs" and report a bug
[    0.615734] ACPI: PCI Root Bridge [PCI0] (domain 0000 [bus 00-ff])
[    0.624501] acpi PNP0A03:00: _OSC: OS supports [ExtendedConfig ASPM ClockPM Segments MSI]
[    0.626926] acpi PNP0A03:00: _OSC: platform does not support [PCIeCapability]
[    0.628769] acpi PNP0A03:00: _OSC: not requesting control; platform does not support [PCIeCapability]
[    0.630903] acpi PNP0A03:00: _OSC: OS requested [PCIeHotplug PME AER PCIeCapability]
[    0.632758] acpi PNP0A03:00: _OSC: platform willing to grant [PCIeHotplug PME AER]
[    0.634572] acpi PNP0A03:00: _OSC failed (AE_SUPPORT); disabling ASPM
[    0.636394] PCI host bridge to bus 0000:00
[    0.637372] pci_bus 0000:00: root bus resource [io  0x0000-0x0cf7 window]
[    0.638898] pci_bus 0000:00: root bus resource [io  0x0d00-0xffff window]
[    0.640410] pci_bus 0000:00: root bus resource [mem 0x000a0000-0x000bffff window]
[    0.642196] pci_bus 0000:00: root bus resource [mem 0xe0000000-0xfdffffff window]
[    0.644003] pci_bus 0000:00: root bus resource [bus 00-ff]
[    0.648253] pci 0000:00:01.1: legacy IDE quirk: reg 0x10: [io  0x01f0-0x01f7]
[    0.649835] pci 0000:00:01.1: legacy IDE quirk: reg 0x14: [io  0x03f6]
[    0.651331] pci 0000:00:01.1: legacy IDE quirk: reg 0x18: [io  0x0170-0x0177]
[    0.652909] pci 0000:00:01.1: legacy IDE quirk: reg 0x1c: [io  0x0376]
[    0.723256] pci 0000:00:07.0: quirk: [io  0x4000-0x403f] claimed by PIIX4 ACPI
[    0.725067] pci 0000:00:07.0: quirk: [io  0x4100-0x410f] claimed by PIIX4 SMB
[    0.773088] ACPI: PCI Interrupt Link [LNKA] (IRQs 5 9 10 *11)
[    0.774834] ACPI: PCI Interrupt Link [LNKB] (IRQs 5 9 *10 11)
[    0.776430] ACPI: PCI Interrupt Link [LNKC] (IRQs 5 *9 10 11)
[    0.778068] ACPI: PCI Interrupt Link [LNKD] (IRQs 5 9 10 *11)
[    0.779759] ACPI: Enabled 2 GPEs in block 00 to 07
[    0.781149] vgaarb: setting as boot device: PCI:0000:00:02.0
[    0.782389] vgaarb: device added: PCI:0000:00:02.0,decodes=io+mem,owns=io+mem,locks=none
[    0.784277] vgaarb: loaded
[    0.784979] vgaarb: bridge control possible 0000:00:02.0
[    0.786368] SCSI subsystem initialized
[    0.787369] ACPI: bus type USB registered
[    0.788388] usbcore: registered new interface driver usbfs
[    0.789647] usbcore: registered new interface driver hub
[    0.790916] usbcore: registered new device driver usb
[    0.792346] PCI: Using ACPI for IRQ routing
[    0.793739] NetLabel: Initializing
[    0.794615] NetLabel:  domain hash size = 128
[    0.795663] NetLabel:  protocols = UNLABELED CIPSOv4
[    0.796856] NetLabel:  unlabeled traffic allowed by default
[    0.798262] amd_nb: Cannot enumerate AMD northbridges
[    0.799551] clocksource: Switched to clocksource kvm-clock
[    0.808301] AppArmor: AppArmor Filesystem Enabled
[    0.809510] pnp: PnP ACPI init
[    0.811260] pnp: PnP ACPI: found 3 devices
[    0.821197] clocksource: acpi_pm: mask: 0xffffff max_cycles: 0xffffff, max_idle_ns: 2085701024 ns
[    0.823328] NET: Registered protocol family 2
[    0.824501] TCP established hash table entries: 65536 (order: 7, 524288 bytes)
[    0.826320] TCP bind hash table entries: 65536 (order: 8, 1048576 bytes)
[    0.829080] TCP: Hash tables configured (established 65536 bind 65536)
[    0.830595] UDP hash table entries: 4096 (order: 5, 131072 bytes)
[    0.832005] UDP-Lite hash table entries: 4096 (order: 5, 131072 bytes)
[    0.833506] NET: Registered protocol family 1
[    0.834553] pci 0000:00:00.0: Limiting direct PCI/PCI transfers
[    0.835931] pci 0000:00:01.0: Activating ISA DMA hang workarounds
[    0.837483] Unpacking initramfs...
[    1.032674] Freeing initrd memory: 14828K
[    1.033710] PCI-DMA: Using software bounce buffering for IO (SWIOTLB)
[    1.035181] software IO TLB: mapped [mem 0xdbff0000-0xdfff0000] (64MB)
[    1.036748] clocksource: tsc: mask: 0xffffffffffffffff max_cycles: 0x30ec9635272, max_idle_ns: 440795315863 ns
[    1.039232] platform rtc_cmos: registered platform RTC device (no PNP device found)
[    1.041140] Scanning for low memory corruption every 60 seconds
[    1.042873] audit: initializing netlink subsys (disabled)
[    1.044239] audit: type=2000 audit(1568492523.544:1): initialized
[    1.045820] Initialise system trusted keyring
[    1.047004] HugeTLB registered 2 MB page size, pre-allocated 0 pages
[    1.049266] zbud: loaded
[    1.050309] VFS: Disk quotas dquot_6.6.0
[    1.051299] VFS: Dquot-cache hash table entries: 512 (order 0, 4096 bytes)
[    1.052985] squashfs: version 4.0 (2009/01/31) Phillip Lougher
[    1.054693] fuse init (API version 7.23)
[    1.055894] Key type big_key registered
[    1.056865] Allocating IMA MOK and blacklist keyrings.
[    1.061223] Key type asymmetric registered
[    1.062232] Asymmetric key parser 'x509' registered
[    1.063424] Block layer SCSI generic (bsg) driver version 0.4 loaded (major 249)
[    1.065372] io scheduler noop registered
[    1.066380] io scheduler deadline registered (default)
[    1.067733] io scheduler cfq registered
[    1.068795] pci_hotplug: PCI Hot Plug PCI Core version: 0.5
[    1.070186] pciehp: PCI Express Hot Plug Controller Driver version: 0.4
[    1.071963] ACPI: AC Adapter [AC] (on-line)
[    1.073022] input: Power Button as /devices/LNXSYSTM:00/LNXPWRBN:00/input/input0
[    1.074915] ACPI: Power Button [PWRF]
[    1.076164] input: Sleep Button as /devices/LNXSYSTM:00/LNXSLPBN:00/input/input1
[    1.078053] ACPI: Sleep Button [SLPF]
[    1.079231] GHES: HEST is not enabled!
[    1.080844] Serial: 8250/16550 driver, 32 ports, IRQ sharing enabled
[    1.103158] 00:02: ttyS0 at I/O 0x3f8 (irq = 4, base_baud = 115200) is a 16550A
[    1.108587] Linux agpgart interface v0.103
[    1.111513] loop: module loaded
[    1.113040] scsi host0: ata_piix
[    1.114038] scsi host1: ata_piix
[    1.114923] ata1: PATA max UDMA/33 cmd 0x1f0 ctl 0x3f6 bmdma 0xd000 irq 14
[    1.116499] ata2: PATA max UDMA/33 cmd 0x170 ctl 0x376 bmdma 0xd008 irq 15
[    1.118121] libphy: Fixed MDIO Bus: probed
[    1.119156] tun: Universal TUN/TAP device driver, 1.6
[    1.120431] tun: (C) 1999-2004 Max Krasnyansky <maxk@qualcomm.com>
[    1.121968] PPP generic driver version 2.4.2
[    1.123131] ehci_hcd: USB 2.0 'Enhanced' Host Controller (EHCI) Driver
[    1.124648] ehci-pci: EHCI PCI platform driver
[    1.125711] ehci-platform: EHCI generic platform driver
[    1.126865] ohci_hcd: USB 1.1 'Open' Host Controller (OHCI) Driver
[    1.128247] ohci-pci: OHCI PCI platform driver
[    1.129263] ohci-platform: OHCI generic platform driver
[    1.130415] uhci_hcd: USB Universal Host Controller Interface driver
[    1.131842] i8042: PNP: PS/2 Controller [PNP0303:PS2K,PNP0f03:PS2M] at 0x60,0x64 irq 1,12
[    1.134082] serio: i8042 KBD port at 0x60,0x64 irq 1
[    1.135194] serio: i8042 AUX port at 0x60,0x64 irq 12
[    1.136504] mousedev: PS/2 mouse device common for all mice
[    1.138170] input: AT Translated Set 2 keyboard as /devices/platform/i8042/serio0/input/input2
[    1.140696] rtc_cmos rtc_cmos: rtc core: registered rtc_cmos as rtc0
[    1.142106] rtc_cmos rtc_cmos: alarms up to one day, 114 bytes nvram
[    1.143478] i2c /dev entries driver
[    1.144362] device-mapper: uevent: version 1.0.3
[    1.145502] device-mapper: ioctl: 4.34.0-ioctl (2015-10-28) initialised: dm-devel@redhat.com
[    1.147422] ledtrig-cpu: registered to indicate activity on CPUs
[    1.149299] NET: Registered protocol family 10
[    1.150501] NET: Registered protocol family 17
[    1.151539] Key type dns_resolver registered
[    1.152914] registered taskstats version 1
[    1.153869] Loading compiled-in X.509 certificates
[    1.155388] Loaded X.509 cert 'Build time autogenerated kernel key: bdcb03bd89688fd1ecb3c1b37e77d69239145881'
[    1.157574] zswap: loaded using pool lzo/zbud
[    1.160054] Key type trusted registered
[    1.164735] Key type encrypted registered
[    1.165712] AppArmor: AppArmor sha1 policy hashing enabled
[    1.166953] ima: No TPM chip found, activating TPM-bypass!
[    1.168258] ima: Allocated hash algorithm: sha1
[    1.169329] evm: HMAC attrs: 0x1
[    1.170558]   Magic number: 3:17:397
[    1.171484] mem random: hash matches
[    1.172486] rtc_cmos rtc_cmos: setting system clock to 2019-09-14 20:21:58 UTC (1568492518)
[    1.174642] BIOS EDD facility v0.16 2004-Jun-25, 0 devices found
[    1.176022] EDD information not available.
[    1.272717] Freeing unused kernel memory: 1488K
[    1.273825] Write protecting the kernel read-only data: 14336k
[    1.275571] Freeing unused kernel memory: 1608K
[    1.276823] Freeing unused kernel memory: 64K
Loading, please wait...
starting version 229
[    1.287578] random: systemd-udevd: uninitialized urandom read (16 bytes read, 3 bits of entropy available)
[    1.288057] random: udevadm: uninitialized urandom read (16 bytes read, 3 bits of entropy available)
[    1.288075] random: udevadm: uninitialized urandom read (16 bytes read, 3 bits of entropy available)
[    1.295675] random: systemd-udevd: uninitialized urandom read (16 bytes read, 3 bits of entropy available)
[    1.296042] random: udevadm: uninitialized urandom read (16 bytes read, 3 bits of entropy available)
[    1.296078] random: udevadm: uninitialized urandom read (16 bytes read, 3 bits of entropy available)
[    1.296213] random: udevadm: uninitialized urandom read (16 bytes read, 3 bits of entropy available)
[    1.296254] random: udevadm: uninitialized urandom read (16 bytes read, 3 bits of entropy available)
[    1.296294] random: udevadm: uninitialized urandom read (16 bytes read, 3 bits of entropy available)
[    1.296332] random: udevadm: uninitialized urandom read (16 bytes read, 3 bits of entropy available)
[    1.338235] e1000: Intel(R) PRO/1000 Network Driver - version 7.3.21-k8-NAPI
[    1.339806] e1000: Copyright (c) 1999-2006 Intel Corporation.
[    1.344829] Fusion MPT base driver 3.04.20
[    1.352654] Copyright (c) 1999-2008 LSI Corporation
[    1.365554] Fusion MPT SPI Host driver 3.04.20
[    1.370139] AVX2 version of gcm_enc/dec engaged.
[    1.372145] AES CTR mode by8 optimization enabled
[    1.572281] input: ImExPS/2 Generic Explorer Mouse as /devices/platform/i8042/serio1/input/input4
[    1.728709] e1000 0000:00:03.0 eth0: (PCI:33MHz:32-bit) 02:21:78:00:d6:19
[    1.730165] e1000 0000:00:03.0 eth0: Intel(R) PRO/1000 Network Connection
[    1.732140] mptbase: ioc0: Initiating bringup
[    1.994064] ioc0: LSI53C1030 A0: Capabilities={Initiator}
[    2.265567] scsi host2: ioc0: LSI53C1030 A0, FwRev=00000000h, Ports=1, MaxQ=256, IRQ=20
[    2.377151] scsi 2:0:0:0: Direct-Access     VBOX     HARDDISK         1.0  PQ: 0 ANSI: 5
[    2.378978] scsi target2:0:0: Beginning Domain Validation
[    2.381005] scsi target2:0:0: Domain Validation skipping write tests
[    2.382358] scsi target2:0:0: Ending Domain Validation
[    2.383559] scsi target2:0:0: asynchronous
[    2.384825] scsi 2:0:1:0: Direct-Access     VBOX     HARDDISK         1.0  PQ: 0 ANSI: 5
[    2.386649] scsi target2:0:1: Beginning Domain Validation
[    2.388568] scsi target2:0:1: Domain Validation skipping write tests
[    2.389903] scsi target2:0:1: Ending Domain Validation
[    2.391048] scsi target2:0:1: asynchronous
[    2.396898] sd 2:0:0:0: Attached scsi generic sg0 type 0
[    2.397003] sd 2:0:0:0: [sda] 20971520 512-byte logical blocks: (10.7 GB/10.0 GiB)
[    2.397194] sd 2:0:0:0: [sda] Write Protect is off
[    2.397317] sd 2:0:0:0: [sda] Incomplete mode parameter data
[    2.397318] sd 2:0:0:0: [sda] Assuming drive cache: write through
[    2.398286]  sda: sda1
[    2.398894] sd 2:0:0:0: [sda] Attached SCSI disk
[    2.408844] sd 2:0:1:0: Attached scsi generic sg1 type 0
[    2.408932] sd 2:0:1:0: [sdb] 20480 512-byte logical blocks: (10.5 MB/10.0 MiB)
[    2.409098] sd 2:0:1:0: [sdb] Write Protect is off
[    2.409209] sd 2:0:1:0: [sdb] Incomplete mode parameter data
[    2.409210] sd 2:0:1:0: [sdb] Assuming drive cache: write through
[    2.420000] sd 2:0:1:0: [sdb] Attached SCSI disk
[    2.772907] e1000 0000:00:08.0 eth1: (PCI:33MHz:32-bit) 08:00:27:67:9a:6b
[    2.774663] e1000 0000:00:08.0 eth1: Intel(R) PRO/1000 Network Connection
[    2.777242] e1000 0000:00:08.0 enp0s8: renamed from eth1
[    2.788078] e1000 0000:00:03.0 enp0s3: renamed from eth0
Begin: Loading essential drivers ... [    4.044349] md: linear personality registered for level -1
[    4.047434] md: multipath personality registered for level -4
[    4.050489] md: raid0 personality registered for level 0
[    4.054800] md: raid1 personality registered for level 1
[    4.123562] raid6: sse2x1   gen()  8576 MB/s
[    4.191564] raid6: sse2x1   xor()  8060 MB/s
[    4.259840] raid6: sse2x2   gen() 16864 MB/s
[    4.327836] raid6: sse2x2   xor() 10903 MB/s
[    4.396037] raid6: sse2x4   gen() 16446 MB/s
[    4.463579] raid6: sse2x4   xor()  9862 MB/s
[    4.531564] raid6: avx2x1   gen() 19135 MB/s
[    4.599570] raid6: avx2x2   gen() 24647 MB/s
[    4.667590] raid6: avx2x4   gen() 24997 MB/s
[    4.668656] raid6: using algorithm avx2x4 gen() 24997 MB/s
[    4.669940] raid6: using avx2x2 recovery algorithm
[    4.672065] xor: automatically using best checksumming function:
[    4.731116]    avx       : 21199.000 MB/sec
[    4.732946] async_tx: api initialized (async)
[    4.743452] md: raid6 personality registered for level 6
[    4.744804] md: raid5 personality registered for level 5
[    4.745997] md: raid4 personality registered for level 4
[    4.752408] md: raid10 personality registered for level 10
done.
Begin: Running /scripts/init-premount ... done.
Begin: Mounting root file system ... Begin: Running /scripts/local-top ... done.
Begin: Running /scripts/local-premount ... [    4.779201] Btrfs loaded
Scanning for Btrfs filesystems
done.
Warning: fsck not present, so skipping root file system
[    4.798325] EXT4-fs (sda1): mounted filesystem with ordered data mode. Opts: (null)
done.
Begin: Running /scripts/local-bottom ... done.
Begin: Running /scripts/init-bottom ... done.
[    4.922358] systemd[1]: systemd 229 running in system mode. (+PAM +AUDIT +SELINUX +IMA +APPARMOR +SMACK +SYSVINIT +UTMP +LIBCRYPTSETUP +GCRYPT +GNUTLS +ACL +XZ -LZ4 +SECCOMP +BLKID +ELFUTILS +KMOD -IDN)
[    4.926374] systemd[1]: Detected virtualization oracle.
[    4.927570] systemd[1]: Detected architecture x86-64.

Welcome to [1mUbuntu 16.04.6 LTS[0m!

[    4.938694] systemd[1]: Set hostname to <ubuntu>.
[    4.949417] systemd[1]: Initializing machine ID from random generator.
[    4.950936] systemd[1]: Installed transient /etc/machine-id file.
[    5.053022] systemd[1]: Reached target User and Group Name Lookups.
[[0;32m  OK  [0m] Reached target User and Group Name Lookups.
[    5.055882] systemd[1]: Listening on Device-mapper event daemon FIFOs.
[[0;32m  OK  [0m] Listening on Device-mapper event daemon FIFOs.
[    5.058809] systemd[1]: Reached target Encrypted Volumes.
[[0;32m  OK  [0m] Reached target Encrypted Volumes.
[    5.061270] systemd[1]: Listening on Syslog Socket.
[[0;32m  OK  [0m] Listening on Syslog Socket.
[    5.063516] systemd[1]: Reached target Swap.
[[0;32m  OK  [0m] Reached target Swap.
[    5.065792] systemd[1]: Created slice System Slice.
[[0;32m  OK  [0m] Created slice System Slice.
[    5.068257] systemd[1]: Created slice system-serial\x2dgetty.slice.
[[0;32m  OK  [0m] Created slice system-serial\x2dgetty.slice.
[    5.071040] systemd[1]: Started Trigger resolvconf update for networkd DNS.
[[0;32m  OK  [0m] Started Trigger resolvconf update for networkd DNS.
[    5.074243] systemd[1]: Set up automount Arbitrary Executable File Formats File System Automount Point.
[[0;32m  OK  [0m] Set up automount Arbitrary Executab...ats File System Automount Point.
[    5.078348] systemd[1]: Created slice User and Session Slice.
[[0;32m  OK  [0m] Created slice User and Session Slice.
[    5.081001] systemd[1]: Reached target Slices.
[[0;32m  OK  [0m] Reached target Slices.
[    5.083116] systemd[1]: Listening on Journal Socket (/dev/log).
[[0;32m  OK  [0m] Listening on Journal Socket (/dev/log).
[    5.085795] systemd[1]: Reached target System Time Synchronized.
[[0;32m  OK  [0m] Reached target System Time Synchronized.
[    5.088568] systemd[1]: Listening on Journal Socket.
[[0;32m  OK  [0m] Listening on Journal Socket.
[    5.099832] systemd[1]: Starting Uncomplicated firewall...
         Starting Uncomplicated firewall...
[    5.103828] systemd[1]: Starting Load Kernel Modules...
         Starting Load Kernel Modules...
[    5.110058] systemd[1]: Starting Create list of required static device nodes for the current kernel...
[    5.112373] Loading iSCSI transport class v2.0-870.
         Starting Create list of required st... nodes for the current kernel...
[    5.115089] systemd[1]: Mounting POSIX Message Queue File System...
         Mounting POSIX Message Queue File System...
[    5.118644] systemd[1]: Mounting Huge Pages File System...
         Mounting Huge Pages File System...
[    5.122363] systemd[1]: Mounting Debug File System...
         Mounting Debug File System...
[    5.125151] iscsi: registered transport (tcp)
[    5.125622] systemd[1]: Starting Nameserver information manager...
         Starting Nameserver information manager...
[    5.129031] systemd[1]: Listening on LVM2 metadata daemon socket.
[[0;32m  OK  [0m] Listening on LVM2 metadata daemon socket.
[    5.132263] systemd[1]: Starting Monitoring of LVM2 mirrors, snapshots etc. using dmeventd or progress polling...
         Starting Monitoring of LVM2 mirrors... dmeventd or progress polling...
[    5.136445] systemd[1]: Listening on Journal Audit Socket.
[[0;32m  OK  [0m] Listening on Journal Audit Socket.
[    5.141074] systemd[1]: Starting Journal Service...
         Starting Journal Service...
[    5.143960] systemd[1]: Starting Set console keymap...
         Starting Set console keymap...
[    5.146819] systemd[1]: Listening on udev Control Socket.
[[0;32m  OK  [0m] Listening on udev Control Socket.
[    5.149880] systemd[1]: Listening on /dev/initctl Compatibility Named Pipe.
[[0;32m  OK  [0m] Listening on /dev/initctl Compatibility Named Pipe.
[    5.154604] systemd[1]: Starting Remount Root and Kernel File Systems...
         Starting Remount Root and Kernel File Systems...
[    5.159432] systemd[1]: Started Forward Password Requests to Wall Directory Watch.
[[0;32m  OK  [0m] Started Forward Password Requests to Wall Directory Watch.
[    5.163181] systemd[1]: Listening on udev Kernel Socket.
[[0;32m  OK  [0m] Listening on udev Kernel Socket.
[    5.165826] systemd[1]: Listening on LVM2 poll daemon socket.
[    5.166534] EXT4-fs (sda1): re-mounted. Opts: (null)
[[0;32m  OK  [0m] Listening on LVM2 poll daemon socket.
[    5.172157] systemd[1]: Mounted POSIX Message Queue File System.
[[0;32m  OK  [0m] Mounted POSIX Message Queue File System.
[    5.174796] systemd[1]: Mounted Debug File System.
[[0;32m  OK  [0m] Mounted Debug File System.
[    5.177067] systemd[1]: Mounted Huge Pages File System.
[[0;32m  OK  [0m] Mounted Huge Pages File System.
[    5.179539] systemd[1]: Started Journal Service.
[[0;32m  OK  [0m] Started Journal Service.
[[0;32m  OK  [0m] Started Uncomplicated firewall.
[[0;32m  OK  [0m] Started Create list of required sta...ce nodes for the current kernel.
[    5.191935] iscsi: registered transport (iser)
[[0;32m  OK  [0m] Started Load Kernel Modules.
[[0;32m  OK  [0m] Started Set console keymap.
[[0;32m  OK  [0m] Started Remount Root and Kernel File Systems.
[[0;32m  OK  [0m] Started Nameserver information manager.
[[0;32m  OK  [0m] Started LVM2 metadata daemon.
         Starting Load/Save Random Seed...
         Starting udev Coldplug all Devices...
         Mounting FUSE Control File System...
         Starting Apply Kernel Variables...
         Starting Create Static Device Nodes in /dev...
         Starting Flush Journal to Persistent Storage...
[[0;32m  OK  [0m] Mounted FUSE Control File System.[    5.266036] random: nonblocking pool is initialized

[[0;32m  OK  [0m] Started Load/Save Random Seed.
[[0;32m  OK  [0m] Started Apply Kernel Variables.
[[0;32m  OK  [0m] Started Create Static Device Nodes in /dev.
         Starting udev Kernel Device Manager...
[[0;32m  OK  [0m] Started Flush Journal to Persistent Storage.
[[0;32m  OK  [0m] Started udev Coldplug all Devices.
[[0;32m  OK  [0m] Started udev Kernel Device Manager.
[[0;32m  OK  [0m] Started Dispatch Password Requests to Console Directory Watch.
[[0;32m  OK  [0m] Started Monitoring of LVM2 mirrors,...ng dmeventd or progress polling.
[[0;32m  OK  [0m] Reached target Local File Systems (Pre).
[[0;32m  OK  [0m] Reached target Local File Systems.
         Starting Initial cloud-init job (pre-networking)...
         Starting LSB: AppArmor initialization...
         Starting Commit a transient machine-id on disk...
         Starting Tell Plymouth To Write Out Runtime Data...
         Starting Set console font and keymap...
         Starting Create Volatile Files and Directories...
[[0;32m  OK  [0m] Started Create Volatile Files and Directories.
         Starting Update UTMP about System Boot/Shutdown...
[[0;32m  OK  [0m] Started Update UTMP about System Boot/Shutdown.
[[0;32m  OK  [0m] Started Tell Plymouth To Write Out Runtime Data.
[[0;32m  OK  [0m] Started Commit a transient machine-id on disk.
[[0;32m  OK  [0m] Found device /dev/ttyS0.
[[0;32m  OK  [0m] Listening on Load/Save RF Kill Switch Status /dev/rfkill Watch.
[[0;32m  OK  [0m] Started LSB: AppArmor initialization.
[    6.230828] cloud-init[479]: Cloud-init v. 19.2-24-ge7881d5c-0ubuntu1~16.04.1 running 'init-local' at Sat, 14 Sep 2019 20:22:03 +0000. Up 5.85 seconds.
[[0;32m  OK  [0m] Started Initial cloud-init job (pre-networking).
[[0;32m  OK  [0m] Reached target Network (Pre).
         Starting Raise network interfaces...
[[0;32m  OK  [0m] Started Set console font and keymap.
[[0;32m  OK  [0m] Created slice system-getty.slice.
[[0;32m  OK  [0m] Started Raise network interfaces.
[[0;32m  OK  [0m] Reached target Network.
         Starting Initial cloud-init job (metadata service crawler)...
[    7.111801] cloud-init[960]: Cloud-init v. 19.2-24-ge7881d5c-0ubuntu1~16.04.1 running 'init' at Sat, 14 Sep 2019 20:22:04 +0000. Up 6.74 seconds.
[    7.114440] cloud-init[960]: ci-info: ++++++++++++++++++++++++++++++++++++++Net device info+++++++++++++++++++++++++++++++++++++++
[    7.116854] cloud-init[960]: ci-info: +--------+-------+----------------------------+---------------+--------+-------------------+
[    7.119236] cloud-init[960]: ci-info: | Device |   Up  |          Address           |      Mask     | Scope  |     Hw-Address    |
[    7.121580] cloud-init[960]: ci-info: +--------+-------+----------------------------+---------------+--------+-------------------+
[    7.123909] cloud-init[960]: ci-info: | enp0s3 |  True |         10.0.2.15          | 255.255.255.0 | global | 02:21:78:00:d6:19 |
[    7.126237] cloud-init[960]: ci-info: | enp0s3 |  True | fe80::21:78ff:fe00:d619/64 |       .       |  link  | 02:21:78:00:d6:19 |
[    7.128591] cloud-init[960]: ci-info: | enp0s8 | False |             .              |       .       |   .    | 08:00:27:67:9a:6b |
[    7.130912] cloud-init[960]: ci-info: |   lo   |  True |         127.0.0.1          |   255.0.0.0   |  host  |         .         |
[    7.133242] cloud-init[960]: ci-info: |   lo   |  True |          ::1/128           |       .       |  host  |         .         |
[    7.135566] cloud-init[960]: ci-info: +--------+-------+----------------------------+---------------+--------+-------------------+
[    7.137959] cloud-init[960]: ci-info: +++++++++++++++++++++++++++Route IPv4 info++++++++++++++++++++++++++++[[0;32m  OK  [0m] Started Initial cloud-init job (metadata service crawler).
[[0;32m  OK  [0m] Reached target Network is Online.

[    7.142152] cloud-init[960]: ci-info: +-------+-------------+----------+---------------+-----------+-------+
[    7.144329] cloud-init[960]: ci-info: | Route | Destination | Gateway  |    Genmask    | Interface | Flags |
[    7.146571] cloud-init[960]: ci-info: +-------+-------------+----------+---------------+-----------+-------+
[    7.148769] cloud-init[960]: ci-info: |   0   |   0.0.0.0   | 10.0.2.2 |    0.0.0.0    |   enp0s3  |   UG  |
[    7.150780] cloud-init[960]: ci-info: |   1   |   10.0.2.0  | 0.0.0.0  | 255.255.255.0 |   enp0s3  |   U   |         Starting iSCSI initiator daemon (iscsid)...
[[0;32m  OK  [0m] Reached target Cloud-config availability.
[[0;32m  OK  [0m] Reached target System Initialization.
[[0;32m  OK  [0m] Listening on D-Bus System Message Bus Socket.
[[0;32m  OK  [0m] Started Daily Cleanup of Temporary Directories.
[[0;32m  OK  [0m] Listening on ACPID Listen Socket.
[[0;32m  OK  [0m] Started Daily apt download activities.

[    7.160173] cloud-init[960]: ci-info: +-------+-------------+----------+---------------+-----------+-------+
[    7.162980] cloud-init[960]: ci-info: +++++++++++++++++++Route IPv6 info+++++++++++++++++++
[    7.165256] cloud-init[960]: ci-info: +-------+-------------+---------+-----------+-------+
[    7.165458] cloud-init[960]: ci-info: | Route | Destination | Gateway | Interface | Flags |
[    7.167484] cloud-init[960]: ci-info: +-------+-------------+---------+-----------+-------+
[    7.169268] cloud-init[960]: ci-info: |   0   |  fe80::/64  |    ::   |   enp0s3  |   U   |
[    7.170577] cloud-init[960]: ci-info: |   3   |   ff00::/8  |    ::   |   enp0s3  |   U   |
[    7.172182] cloud-init[960]: ci-info: +-------+-------------+---------+-----------+-------+
[    7.173776] cloud-init[960]: Generating public/private rsa key pair.
[    7.175373] cloud-init[960]: Your identification has been saved in /etc/ssh/ssh_host_rsa_key.
[    7.176626] cloud-init[960]: Your public key has been saved in /etc/ssh/ssh_host_rsa_key.pub.
[    7.178467] cloud-init[960]: The key fingerprint is:
[    7.179937] cloud-init[960]: SHA256:NFvvYw9w+tgTJg+U8Ei6VU7SgDpFFg29wrv8PWQ3i7U root@ubuntu-xenial
[    7.180683] cloud-init[960]: The key's randomart image is:
[    7.182858] cloud-init[960]: +---[RSA 2048]----+
[    7.183534] cloud-init[960]: |     .=*.o       |
[    7.184711] cloud-init[960]: |     .o * +      |
[    7.185407] cloud-init[960]: |     + ooX..     |
[    7.186611] cloud-init[960]: |    o +.++=.     |
[    7.187280] cloud-init[960]: |     . =S.. o    |
[    7.188469] cloud-init[960]: |      o   ==*    |
[    7.189124] cloud-init[960]: |     . . o.O==   |
[    7.190291] cloud-init[960]: |      o  .o=E+   |
[    7.190966] cloud-init[960]: |       .. o.o..  |
[    7.192208] cloud-init[960]: +----[SHA256]-----+
[    7.192902] cloud-init[960]: Generating public/private dsa key pair.
[    7.194066] cloud-init[960]: Your identification has been saved in /etc/ssh/ssh_host_dsa_key.
[    7.195320] cloud-init[960]: Your public key has been saved in /etc/ssh/ssh_host_dsa_key.pub.
[    7.197133] cloud-init[960]: The key fingerprint is:
[    7.198634] cloud-init[960]: SHA256:MqCv9JovlYPV73MirMOCVcPbEYvGKJkzR34vKJQWxlM root@ubuntu-xenial
[    7.199354] cloud-init[960]: The key's randomart image is:
[    7.201521] cloud-init[960]: +---[DSA 1024]----+
[    7.202209] cloud-init[960]: |. .E             |
[    7.203465] cloud-init[960]: | =.   .          |
[    7.204167] cloud-init[960]: |.=++.o o         |
[    7.205400] cloud-init[960]: |*++.X.+          |
[    7.206162] cloud-init[960]: |o=.B *ooS        |
[    7.207319] cloud-init[960]: |. +.* oo.        |
[    7.208313] cloud-init[960]: | +.o.+ .         |
[    7.208977] cloud-init[960]: |..o+o o + .      |
[    7.210198] cloud-init[960]: |  +=+o . +       |
[[    7.211861] cloud-init[960]: +----[SHA256]-----+
[    7.211924] cloud-init[960]: Generating public/private ecdsa key pair.
[    7.213139] cloud-init[960]: Your identification has been saved in /etc/ssh/ssh_host_ecdsa_key.
[    7.214459] cloud-init[960]: Your public key has been saved in /etc/ssh/ssh_host_ecdsa_key.pub.
[    7.216412] cloud-init[960]: The key fingerprint is:
[    7.218069] cloud-init[960]: SHA256:ZGFknhUt4Nkt8a6k3I7KCyal8vypjDLZDj6DFBz1whE root@ubuntu-xenial
[    7.218857] cloud-init[960]: The key's randomart image is:
[    7.221141] cloud-init[960]: +---[ECDSA 256]---+
[    7.221791] cloud-init[960]: |  .E.  .*.+o     |
[    7.223197] cloud-init[960]: | .. o  = *.+.    |
[    7.224022] cloud-init[960]: |. .o .  B o.o    |
[    7.224770] cloud-init[960]: | o  .  o   o     |
[    7.225909] cloud-init[960]: |  . .   S . .    |
[    7.226621] cloud-init[960]: | . o   . + .     |
[    7.227931] cloud-init[960]: |=oo o   o o      |
[    7.228447] cloud-init[960]: |*X.o +   o       |
[    7.229611] cloud-init[960]: |o+Ooo +o. .      |
[    7.230327] cloud-init[960]: +----[SHA256]-----+
[    7.231471] cloud-init[960]: Generating public/private ed25519 key pair.
[    7.232144] cloud-init[960]: Your identification has been saved in /etc/ssh/ssh_host_ed25519_key.
[    7.233691] cloud-init[960]: Your public key has been saved in /etc/ssh/ssh_host_ed25519_key.pub.
[    7.235617] cloud-init[960]: The key fingerprint is:
[    7.237159] cloud-init[960]: SHA256:V0fESN8OPZpFT3kiBSpF+S9txa/GOziPmzon3K/Fv9Y root@ubuntu-xenial
[    7.237889] cloud-init[960]: The key's randomart image is:
[    7.240135] cloud-init[960]: +--[ED25519 256]--+
[    7.240837] cloud-init[960]: |         .ooo*+.o|
[    7.242125] cloud-init[960]: |         ...oo+=o|
[    7.242988] cloud-init[960]: |        . ....+==|
[    7.243949] cloud-init[960]: |         . ...+o+|
[    7.244646] cloud-init[960]: |        S .  = .o|
[    7.245851] cloud-init[960]: |         .  ..+ .|
[    7.246533] cloud-init[960]: |         . . =o..|
[    7.247714] cloud-init[960]: |          + =+=oE|
[    7.248428] cloud-init[960]: |          .==B=+o|
[    7.249652] cloud-init[960]: +----[SHA256]-----+
[0;32m  OK  [0m] Started ACPI Events Check.
[[0;32m  OK  [0m] Reached target Paths.
         Starting LXD - unix socket.
         Starting Socket activation for snappy daemon.
[[0;32m  OK  [0m] Started Daily apt upgrade and clean activities.
[[0;32m  OK  [0m] Reached target Timers.
[[0;32m  OK  [0m] Listening on UUID daemon activation socket.
[[0;32m  OK  [0m] Listening on LXD - unix socket.
[[0;32m  OK  [0m] Listening on Socket activation for snappy daemon.
[[0;32m  OK  [0m] Started iSCSI initiator daemon (iscsid).
         Starting Login to default iSCSI targets...
[[0;32m  OK  [0m] Reached target Sockets.
[[0;32m  OK  [0m] Reached target Basic System.
         Starting Pollinate to seed the pseudo random number generator...
[[0;32m  OK  [0m] Started Regular background program processing daemon.
         Starting LSB: MD monitoring daemon...
[[0;32m  OK  [0m] Started D-Bus System Message Bus.
[[0;32m  OK  [0m] Started ACPI event daemon.
         Starting LXD - container startup/shutdown...
[[0;32m  OK  [0m] Started Deferred execution scheduler.
         Starting Snappy daemon...
         Starting Accounts Service...
         Starting Virtualbox guest utils...
         Starting System Logging Service...
         Starting /etc/rc.local Compatibility...
[[0;32m  OK  [0m] Started FUSE filesystem for LXC.
         Starting LSB: Record successful boot for GRUB...
         Starting Login Service...
[[0;32m  OK  [0m] Started /etc/rc.local Compatibility.
[[0;32m  OK  [0m] Started System Logging Service.
[[0;32m  OK  [0m] Started Login to default iSCSI targets.
[[0;32m  OK  [0m] Started LSB: MD monitoring daemon.
[[0;32m  OK  [0m] Started LXD - container startup/shutdown.
[[0;32m  OK  [0m] Started Login Service.
[[0;32m  OK  [0m] Started Unattended Upgrades Shutdown.
         Starting Authenticate and Authorize Users to Run Privileged Tasks...
[[0;32m  OK  [0m] Reached target Remote File Systems (Pre).
[[0;32m  OK  [0m] Reached target Remote File Systems.
         Starting LSB: Set the CPU Frequency Scaling governor to "ondemand"...
         Starting Permit User Sessions...
         Starting LSB: automatic crash report generation...
         Starting LSB: daemon to balance interrupts for SMP systems...
[[0;32m  OK  [0m] Started Virtualbox guest utils.
[[0;32m  OK  [0m] Started LSB: Record successful boot for GRUB.
[[0;32m  OK  [0m] Started Permit User Sessions.
[[0;32m  OK  [0m] Started LSB: Set the CPU Frequency Scaling governor to "ondemand".
[[0;32m  OK  [0m] Started Authenticate and Authorize Users to Run Privileged Tasks.
[[0;32m  OK  [0m] Started Accounts Service.
         Starting Hold until boot process finishes up...
         Starting Terminate Plymouth Boot Screen...
[[0;32m  OK  [0m] Started Pollinate to seed the pseudo random number generator.
[[0;32m  OK  [0m] Started LSB: daemon to balance interrupts for SMP systems.
[[0;32m  OK  [0m] Started Hold until boot process finishes up.
[[0;32m  OK  [0m] Started Terminate Plymouth Boot Screen.
[[0;32m  OK  [0m] Started Getty on tty1.
[[0;32m  OK  [0m] Started Serial Getty on ttyS0.
[[0;32m  OK  [0m] Reached target Login Prompts.
         Starting Set console scheme...
         Starting OpenBSD Secure Shell server...
[[0;32m  OK  [0m] Started LSB: automatic crash report generation.
[[0;32m  OK  [0m] Started Set console scheme.
[[0;32m  OK  [0m] Started Snappy daemon.
         Starting Wait until snapd is fully seeded...
[[0;32m  OK  [0m] Started OpenBSD Secure Shell server.
[[0;32m  OK  [0m] Started Wait until snapd is fully seeded.
         Starting Apply the settings specified in cloud-config...
[[0;32m  OK  [0m] Reached target Multi-User System.
[[0;32m  OK  [0m] Reached target Graphical Interface.
         Starting Update UTMP about System Runlevel Changes...
[[0;32m  OK  [0m] Started Update UTMP about System Runlevel Changes.
[    8.538936] cloud-init[1313]: Generating locales (this might take a while)...
[    9.037374] cloud-init[1313]:   en_US.UTF-8... done
[    9.038872] cloud-init[1313]: Generation complete.
[    9.242423] cloud-init[1313]: Cloud-init v. 19.2-24-ge7881d5c-0ubuntu1~16.04.1 running 'modules:config' at Sat, 14 Sep 2019 20:22:06 +0000. Up 8.45 seconds.
[[0;32m  OK  [0m] Started Apply the settings specified in cloud-config.
         Starting Execute cloud user/final scripts...
ci-info: no authorized ssh keys fingerprints found for user ubuntu.
<14>Sep 14 20:22:07 ec2: 
<14>Sep 14 20:22:07 ec2: #############################################################
<14>Sep 14 20:22:07 ec2: -----BEGIN SSH HOST KEY FINGERPRINTS-----
<14>Sep 14 20:22:07 ec2: 1024 SHA256:MqCv9JovlYPV73MirMOCVcPbEYvGKJkzR34vKJQWxlM root@ubuntu-xenial (DSA)
<14>Sep 14 20:22:07 ec2: 256 SHA256:ZGFknhUt4Nkt8a6k3I7KCyal8vypjDLZDj6DFBz1whE root@ubuntu-xenial (ECDSA)
<14>Sep 14 20:22:07 ec2: 256 SHA256:V0fESN8OPZpFT3kiBSpF+S9txa/GOziPmzon3K/Fv9Y root@ubuntu-xenial (ED25519)
<14>Sep 14 20:22:07 ec2: 2048 SHA256:NFvvYw9w+tgTJg+U8Ei6VU7SgDpFFg29wrv8PWQ3i7U root@ubuntu-xenial (RSA)
<14>Sep 14 20:22:07 ec2: -----END SSH HOST KEY FINGERPRINTS-----
<14>Sep 14 20:22:07 ec2: #############################################################
-----BEGIN SSH HOST KEY KEYS-----
ecdsa-sha2-nistp256 AAAAE2VjZHNhLXNoYTItbmlzdHAyNTYAAAAIbmlzdHAyNTYAAABBBE+fK8YoYLqge1sD/lQa9a4RsgmE/GJiqV7JXNJjoynK92Ql1pShCG6DvHkL31cqVNTwwOtPEG2k+bXek2YucGw= root@ubuntu-xenial
ssh-ed25519 AAAAC3NzaC1lZDI1NTE5AAAAIDe8SWjfWhVuBJPiQQK2RRwOoXAsAgqCAwdQCqvekgqk root@ubuntu-xenial
ssh-rsa AAAAB3NzaC1yc2EAAAADAQABAAABAQDnpmsxGuUAya9qRw54ol0cDPQcL4ahF5sim8FG1+6m3ig64hW1rBp4FIW/BjZpX7quPk8LK3IJWNtrHMzbwVS/eLODYR5sWO4DikCDs1rnsEVCstCFGCapza05hCaz96Ia33vnw5EJ6kpuGWNDX49gwCOy6a+RC3P3zUedCGB8tl4WUPlyMPlDCRQsXAyW/Mqjw8pT8EzP2cEjzmYPZtcnsSysNCPMnb5ICLKi/XMVQsEwh12gqzXMF9U532kWcolYtrmdh4dOQVdeEVHTDrLewd3lWl+LhwNh6N8zjOzhaCcKEQkmyxp+oqzNI0RBkarG2QmJHKvQuI/yXKlyRozv root@ubuntu-xenial
-----END SSH HOST KEY KEYS-----
[    9.603544] cloud-init[1356]: Cloud-init v. 19.2-24-ge7881d5c-0ubuntu1~16.04.1 running 'modules:final' at Sat, 14 Sep 2019 20:22:07 +0000. Up 9.48 seconds.
[    9.606494] cloud-init[1356]: ci-info: no authorized ssh keys fingerprints found for user ubuntu.
[    9.608455] cloud-init[1356]: Cloud-init v. 19.2-24-ge7881d5c-0ubuntu1~16.04.1 finished at Sat, 14 Sep 2019 20:22:07 +0000. Datasource DataSourceNoCloud [seed=/dev/sdb][dsmode=net].  Up 9.59 seconds
[[0;32m  OK  [0m] Started Execute cloud user/final scripts.
[[0;32m  OK  [0m] Reached target Cloud-init target.

Ubuntu 16.04.6 LTS ubuntu-xenial ttyS0

ubuntu-xenial login: 